0.8 39.2 0:-0.8 39.2 0:0 35 0
1.79333 39.0395 0:-0.126667 39.0395 0:0.833333 34.9973 0
2.65867 39.034 0:0.674667 39.034 0:1.66667 34.9918 0
3.492 39.0258 0:1.508 39.0258 0:2.5 34.9837 0
4.32693 39.0149 0:2.33973 39.0149 0:3.33333 34.9728 0
5.16187 39.0013 0:3.17147 39.0013 0:4.16667 34.9591 0
5.9968 38.985 0:4.0032 38.985 0:5 34.9428 0
6.83173 38.9659 0:4.83493 38.9659 0:5.83333 34.9237 0
7.66667 38.9441 0:5.66667 38.9441 0:6.66667 34.9019 0
8.5016 38.9196 0:6.4984 38.9196 0:7.5 34.8774 0
9.33653 38.8924 0:7.33013 38.8924 0:8.33333 34.8502 0
10.1715 38.8624 0:8.16187 38.8624 0:9.16667 34.8202 0
11.0064 38.8297 0:8.9936 38.8297 0:10 34.7875 0
11.8413 38.7943 0:9.82533 38.7943 0:10.8333 34.7521 0
12.6763 38.7562 0:10.6571 38.7562 0:11.6667 34.714 0
13.5112 38.7153 0:11.4888 38.7153 0:12.5 34.6731 0
14.3461 38.6717 0:12.3205 38.6717 0:13.3333 34.6295 0
15.1811 38.6254 0:13.1523 38.6254 0:14.1667 34.5832 0
16.016 38.5764 0:13.984 38.5764 0:15 34.5342 0
16.8509 38.5246 0:14.8157 38.5246 0:15.8333 34.4824 0
17.6859 38.4701 0:15.6475 38.4701 0:16.6667 34.4279 0
18.5208 38.4129 0:16.4792 38.4129 0:17.5 34.3707 0
19.0711 38.353 0:17.3109 38.353 0:18.3333 34.3108 0
18.9845 38.4514 0:17.3943 38.1472 0:19.0333 34.2482 0
19.1524 38.6708 0:16.6139 37.8149 0:18.2 34.2015 0
18.3751 38.7836 0:15.8334 37.4799 0:17.3667 34.152 0
17.5979 38.8937 0:15.053 37.1423 0:16.5333 34.0999 0
16.8206 39.001 0:14.2726 36.8018 0:15.7 34.045 0
16.0964 38.8935 0:13.4921 36.4587 0:14.8667 33.9874 0
15.3722 38.7832 0:12.7117 36.1128 0:14.0333 33.9271 0
14.648 38.6702 0:11.9312 35.7642 0:13.2 33.8641 0
13.9238 38.5545 0:11.1508 35.4129 0:12.3667 33.7983 0
13.1996 38.4361 0:10.3087 35.1293 0:11.5949 33.6594 0
12.4754 38.3149 0:9.36374 34.9604 0:10.9261 33.4003 0
11.7512 38.191 0:8.41879 34.7888 0:10.2573 33.1385 0
11.027 38.0644 0:7.47383 34.6145 0:9.58848 32.874 0
10.3028 37.9351 0:6.52887 34.4374 0:8.91966 32.6067 0
9.57855 37.803 0:5.58391 34.2576 0:8.25084 32.3367 0
8.85434 37.6682 0:4.63896 34.0751 0:7.58201 32.064 0
8.13013 37.5307 0:3.694 33.8898 0:6.91319 31.7886 0
7.40593 37.3905 0:2.74904 33.7019 0:6.24437 31.5104 0
6.68172 37.2475 0:1.80408 33.5112 0:5.57555 31.2296 0
5.95752 37.1018 0:0.859124 33.3178 0:4.90673 30.946 0
5.23331 36.9534 0:-0.0858338 33.1217 0:4.23791 30.6596 0
4.5091 36.8023 0:-1.03079 32.9228 0:3.56908 30.3706 0
3.7849 36.6485 0:-1.97575 32.7212 0:2.90026 30.0788 0
3.06069 36.4919 0:-2.92071 32.5169 0:2.23144 29.7843 0
2.33648 36.3326 0:-3.86567 32.3099 0:1.56262 29.4871 0
1.61228 36.1706 0:-4.81062 32.1001 0:0.893796 29.1872 0
0.888069 36.0058 0:-5.75558 31.8877 0:0.224974 28.8845 0
0.163862 35.8383 0:-6.70054 31.6725 0:-0.443848 28.5791 0
-0.560344 35.6681 0:-7.6455 31.4545 0:-1.11267 28.271 0
-1.28455 35.4952 0:-8.59046 31.2339 0:-1.78149 27.9601 0
-2.00876 35.3196 0:-9.53541 31.0105 0:-2.45031 27.6466 0
-2.73296 35.1412 0:-10.4804 30.7844 0:-3.11914 27.3303 0
-3.45717 34.9601 0:-11.4253 30.5556 0:-3.78796 27.0113 0
-4.18138 34.7763 0:-12.3703 30.324 0:-4.45678 26.6895 0
-4.90558 34.5898 0:-13.3152 30.0898 0:-5.1256 26.3651 0
-5.62979 34.4005 0:-14.2602 29.8528 0:-5.79442 26.0379 0
-6.354 34.2085 0:-15.2052 29.6131 0:-6.46324 25.708 0
-7.0782 34.0138 0:-16.1501 29.3706 0:-7.13207 25.3753 0
-7.80241 33.8163 0:-17.0951 29.1254 0:-7.80089 25.04 0
-8.52662 33.6162 0:-18.04 28.8776 0:-8.46971 24.7019 0
-9.25082 33.4133 0:-18.985 28.6269 0:-9.13853 24.3611 0
-9.97503 33.2077 0:-18.055 28.4751 0:-9.80735 24.0176 0
-10.6992 32.9994 0:-17.1251 28.3206 0:-10.4762 23.6713 0
-11.4234 32.7883 0:-16.1951 28.1633 0:-11.145 23.3223 0
-12.1477 32.5745 0:-15.2652 28.0033 0:-11.8138 22.9706 0
-12.8719 32.358 0:-14.3352 27.8405 0:-12.4826 22.6162 0
-13.5961 32.1388 0:-13.4053 27.6751 0:-13.1515 22.2591 0
-14.3203 31.9168 0:-12.4753 27.5069 0:-13.8203 21.8992 0
-15.0445 31.6922 0:-11.5454 27.336 0:-14.4891 21.5366 0
-15.7687 31.4648 0:-10.6155 27.1624 0:-15.1579 21.1713 0
-16.4929 31.2346 0:-9.6855 26.9861 0:-15.8268 20.8032 0
-17.2171 31.0018 0:-8.75555 26.807 0:-16.4956 20.4324 0
-17.9413 30.7662 0:-7.82561 26.6252 0:-17.1644 20.0589 0
-18.6655 30.5279 0:-6.89566 26.4407 0:-17.8332 19.6827 0
-19.0779 30.2869 0:-5.96571 26.2534 0:-18.502 19.3038 0
-18.3537 30.0427 0:-5.03576 26.0635 0:-19.0342 18.9221 0
-17.6295 29.7958 0:-4.10581 25.8708 0:-18.3654 18.6608 0
-16.9053 29.5461 0:-3.17586 25.6754 0:-17.6965 18.3968 0
-16.1811 29.2937 0:-2.24591 25.4772 0:-17.0277 18.1301 0
-15.4569 29.0386 0:-1.31596 25.2764 0:-16.3589 17.8606 0
-14.7327 28.7808 0:-0.386014 25.0728 0:-15.6901 17.5884 0
-14.0085 28.5203 0:0.543935 24.8665 0:-15.0212 17.3135 0
-13.2843 28.257 0:1.47388 24.6574 0:-14.3524 17.0359 0
-12.5601 27.991 0:2.40383 24.4457 0:-13.6836 16.7556 0
-11.8359 27.7223 0:3.33378 24.2312 0:-13.0148 16.4725 0
-11.1117 27.4509 0:4.26373 24.014 0:-12.346 16.1867 0
-10.3875 27.1767 0:5.19368 23.7941 0:-11.6771 15.8981 0
-9.66325 26.8998 0:6.12363 23.5714 0:-11.0083 15.6069 0
-8.93905 26.6202 0:7.05358 23.346 0:-10.3395 15.3129 0
-8.21484 26.3379 0:7.98353 23.1179 0:-9.67066 15.0162 0
-7.49063 26.0528 0:8.91348 22.8871 0:-9.00184 14.7168 0
-6.76643 25.765 0:9.84342 22.6535 0:-8.33302 14.4146 0
-6.04222 25.4745 0:10.7734 22.4173 0:-7.6642 14.1098 0
-5.31801 25.1813 0:11.7033 22.1783 0:-6.99538 13.8022 0
-4.59381 24.8853 0:12.6333 21.9365 0:-6.32655 13.4919 0
-3.8696 24.5866 0:13.5632 21.6921 0:-5.65773 13.1788 0
-3.14539 24.2852 0:14.4932 21.4449 0:-4.98891 12.8631 0
-2.42119 23.9811 0:15.4231 21.195 0:-4.32009 12.5446 0
-1.69698 23.6742 0:16.3531 20.9424 0:-3.65127 12.2233 0
-0.972774 23.3647 0:17.283 20.6871 0:-2.98244 11.8994 0
-0.248568 23.0524 0:18.213 20.429 0:-2.31362 11.5727 0
0.475639 22.7373 0:19.0286 20.1682 0:-1.6448 11.2434 0
1.19985 22.4196 0:18.0986 20.0234 0:-0.975979 10.9112 0
1.92405 22.0991 0:17.1687 19.8758 0:-0.307157 10.5764 0
2.64826 21.7759 0:16.2387 19.7255 0:0.361665 10.2388 0
3.37247 21.45 0:15.3088 19.5725 0:1.03049 9.89856 0
4.09667 21.1213 0:14.3788 19.4167 0:1.69931 9.55555 0
4.82088 20.79 0:13.4489 19.2583 0:2.36813 9.20982 0
5.54508 20.4559 0:12.5189 19.0971 0:3.03695 8.86136 0
6.26929 20.1191 0:11.589 18.9332 0:3.70577 8.51018 0
6.9935 19.7795 0:10.659 18.7665 0:4.3746 8.15628 0
7.7177 19.4373 0:9.72909 18.5972 0:5.04342 7.79965 0
8.20719 19.5307 0:9.03387 17.9867 0:5.71224 7.4403 0
8.33003 19.9195 0:8.70528 17.0753 0:6.38106 7.07822 0
8.45288 20.3057 0:8.3767 16.1611 0:7.04988 6.71342 0
8.57572 20.6891 0:8.04811 15.2443 0:7.71871 6.3459 0
8.69857 21.0698 0:7.71952 14.3247 0:8.38753 5.97565 0
8.82141 21.4478 0:7.39093 13.4024 0:9.05635 5.60267 0
8.94425 21.8231 0:7.06235 12.4774 0:9.72517 5.22698 0
9.0671 22.1956 0:6.73376 11.5496 0:10.394 4.84856 0
9.18994 22.5654 0:6.40517 10.6192 0:11.0628 4.46741 0
9.31279 22.9325 0:6.07659 9.68598 0:11.7316 4.08354 0
9.43563 23.2969 0:5.748 8.75005 0:12.4005 3.69695 0
9.55848 23.6585 0:5.41941 7.81141 0:13.0693 3.30763 0
9.68132 24.0174 0:5.09083 6.87004 0:13.7381 2.91559 0
9.80417 24.3736 0:4.76224 5.92595 0:14.4069 2.52082 0
9.92701 24.7271 0:4.43365 4.97913 0:15.0758 2.12333 0
10.0499 25.0778 0:4.10506 4.02959 0:15.7446 1.72312 0
10.1727 25.4258 0:3.77648 3.07732 0:16.4134 1.32018 0
10.2955 25.7711 0:3.44789 2.12234 0:17.0822 0.982904 0
